1711741859647 /dev/input/event4 3 53 26859
1711741859647 /dev/input/event4 3 54 29452
1711741859647 /dev/input/event4 0 2 0
1711741859647 /dev/input/event4 0 0 0
1711741859647 /dev/input/event4 0 2 0
1711741859647 /dev/input/event4 0 0 0
1711741859647 /dev/input/event4 3 53 6747
1711741859647 /dev/input/event4 3 54 12556
1711741859647 /dev/input/event4 0 2 0
1711741859647 /dev/input/event4 0 0 0
1711741859647 /dev/input/event4 0 2 0
1711741859647 /dev/input/event4 0 0 0
1711741859647 /dev/input/event4 3 53 16304
1711741859647 /dev/input/event4 3 54 15916
1711741859647 /dev/input/event4 0 2 0
1711741859647 /dev/input/event4 0 0 0
1711741859647 /dev/input/event4 0 2 0
1711741859647 /dev/input/event4 0 0 0
1711741859647 /dev/input/event4 3 53 18615
1711741859647 /dev/input/event4 3 54 17783
1711741859647 /dev/input/event4 0 2 0
1711741859647 /dev/input/event4 0 0 0
1711741859647 /dev/input/event4 0 2 0
1711741859647 /dev/input/event4 0 0 0
1711741859647 /dev/input/event4 3 53 14886
1711741859647 /dev/input/event4 3 54 19510
1711741859647 /dev/input/event4 0 2 0
1711741859647 /dev/input/event4 0 0 0
1711741859647 /dev/input/event4 0 2 0
1711741859647 /dev/input/event4 0 0 0
1711741859647 /dev/input/event4 3 53 10423
1711741859647 /dev/input/event4 3 54 25905
1711741859647 /dev/input/event4 0 2 0
1711741859647 /dev/input/event4 0 0 0
1711741859647 /dev/input/event4 0 2 0
1711741859647 /dev/input/event4 0 0 0
1711741859647 /dev/input/event4 3 53 11447
1711741859647 /dev/input/event4 3 54 25905
1711741859647 /dev/input/event4 0 2 0
1711741859647 /dev/input/event4 0 0 0
1711741859647 /dev/input/event4 0 2 0
1711741859647 /dev/input/event4 0 0 0
1711741859647 /dev/input/event4 3 53 12392
1711741859647 /dev/input/event4 3 54 25858
1711741859647 /dev/input/event4 0 2 0
1711741859647 /dev/input/event4 0 0 0
1711741859647 /dev/input/event4 0 2 0
1711741859647 /dev/input/event4 0 0 0
1711741859647 /dev/input/event4 3 53 13364
1711741859647 /dev/input/event4 3 54 25905
1711741859647 /dev/input/event4 0 2 0
1711741859647 /dev/input/event4 0 0 0
1711741859647 /dev/input/event4 0 2 0
1711741859647 /dev/input/event4 0 0 0
1711741859647 /dev/input/event4 3 53 14361
1711741859647 /dev/input/event4 3 54 25858
1711741859647 /dev/input/event4 0 2 0
1711741859647 /dev/input/event4 0 0 0
1711741859647 /dev/input/event4 0 2 0
1711741859647 /dev/input/event4 0 0 0
1711741859647 /dev/input/event4 3 53 15280
1711741859647 /dev/input/event4 3 54 25858
1711741859647 /dev/input/event4 0 2 0
1711741859647 /dev/input/event4 0 0 0
1711741859647 /dev/input/event4 0 2 0
1711741859647 /dev/input/event4 0 0 0
1711741859647 /dev/input/event4 3 53 15359
1711741859647 /dev/input/event4 3 54 25998
1711741859647 /dev/input/event4 0 2 0
1711741859647 /dev/input/event4 0 0 0
1711741859647 /dev/input/event4 0 2 0
1711741859647 /dev/input/event4 0 0 0
1711741859647 /dev/input/event4 3 53 16330
1711741859647 /dev/input/event4 3 54 25858
1711741859647 /dev/input/event4 0 2 0
1711741859647 /dev/input/event4 0 0 0
1711741859647 /dev/input/event4 0 2 0
1711741859647 /dev/input/event4 0 0 0
1711741859647 /dev/input/event4 3 53 17354
1711741859648 /dev/input/event4 3 54 25905
1711741859649 /dev/input/event4 0 2 0
1711741859650 /dev/input/event4 0 0 0
1711741859651 /dev/input/event4 0 2 0
1711741859653 /dev/input/event4 0 0 0
1711741859655 /dev/input/event4 3 53 18352
1711741859658 /dev/input/event4 3 54 25952
1711741859662 /dev/input/event4 0 2 0
1711741859666 /dev/input/event4 0 0 0
1711741859671 /dev/input/event4 0 2 0
1711741859676 /dev/input/event4 0 0 0
1711741859682 /dev/input/event4 3 53 19245
1711741859688 /dev/input/event4 3 54 25952
1711741859695 /dev/input/event4 0 2 0
1711741859702 /dev/input/event4 0 0 0
1711741859710 /dev/input/event4 0 2 0
